
> kid-text-battle@0.0.9 dev
> next dev -p 3008

 тип Failed to start server
Error: listen EADDRINUSE: address already in use :::3008
    at Server.setupListenHandle [as _listen2] (node:net:1940:16)
    at listenInCluster (node:net:1997:12)
    at Server.listen (node:net:2102:7)
    at /home/drjang00/DevEnvironments/kid-text-battle/node_modules/next/dist/server/lib/start-server.js:280:16
    at new Promise (<anonymous>)
    at startServer (/home/drjang00/DevEnvironments/kid-text-battle/node_modules/next/dist/server/lib/start-server.js:191:11)
    at /home/drjang00/DevEnvironments/kid-text-battle/node_modules/next/dist/server/lib/start-server.js:310:52
    at Span.traceAsyncFn (/home/drjang00/DevEnvironments/kid-text-battle/node_modules/next/dist/trace/trace.js:154:26)
    at process.<anonymous> (/home/drjang00/DevEnvironments/kid-text-battle/node_modules/next/dist/server/lib/start-server.js:310:35)
    at process.emit (node:events:518:28) {
  code: 'EADDRINUSE',
  errno: -98,
  syscall: 'listen',
  address: '::',
  port: 3008
}
[?25h
